[+] Containers:
 |- [+] Container: /Game/FirstPerson/Maps/FirstPersonMap
 |   |- [+] ActorDescs:
 |   |   |- Guid:12CD446E4CA1B89C1A812EADEB40C996 NativeClass:/Script/NavigationSystem.RecastNavMesh Name:RecastNavMesh_UAID_A4BB6D4C238ACA6402-Default Label:RecastNavMesh-Default SpatiallyLoaded:false EditorBounds:IsValid=true, Min=(X=0.000 Y=0.000 Z=0.000), Max=(X=0.000 Y=0.000 Z=0.000) RuntimeBounds:IsValid=true, Min=(X=0.000 Y=0.000 Z=0.000), Max=(X=0.000 Y=0.000 Z=0.000) RuntimeGrid:None EditorOnly:false RuntimeOnly:false HLODRelevant:false ListedInSceneOutliner:true IsMainWorldOnly:false
 |   |   |- Guid:40DE993345CBE89237B6BCB98473E578 BaseClass:/Game/BP_item.BP_item_C NativeClass:/Script/Engine.Actor Name:BP_item_C_UAID_A4BB6D4C238A2C6302_1359154787 Label:BP_item SpatiallyLoaded:true EditorBounds:IsValid=true, Min=(X=1144.000 Y=584.000 Z=-326.000), Max=(X=1496.000 Y=936.000 Z=346.000) RuntimeBounds:IsValid=true, Min=(X=1144.000 Y=584.000 Z=-326.000), Max=(X=1496.000 Y=936.000 Z=346.000) RuntimeGrid:None EditorOnly:false RuntimeOnly:false HLODRelevant:false ListedInSceneOutliner:true IsMainWorldOnly:false
 |   |   |- Guid:4131E64744CAC5A8325AF48E88102895 NativeClass:/Script/NavigationSystem.NavMeshBoundsVolume Name:NavMeshBoundsVolume_UAID_A4BB6D4C238ACA6402_1552598647 Label:CRYPTID-movable-area SpatiallyLoaded:false EditorBounds:IsValid=true, Min=(X=80.000 Y=70.000 Z=-145.000), Max=(X=2980.000 Y=3470.000 Z=505.000) RuntimeBounds:IsValid=true, Min=(X=80.000 Y=70.000 Z=-145.000), Max=(X=2980.000 Y=3470.000 Z=505.000) RuntimeGrid:None EditorOnly:false RuntimeOnly:false HLODRelevant:false ListedInSceneOutliner:true IsMainWorldOnly:false
 |   |   |- Guid:5A747F03497FC12831DD0BA74C8EABAB BaseClass:/Game/LevelBlueprints/BP_trailer.BP_trailer_C NativeClass:/Script/Engine.Actor Name:BP_trailer_C_UAID_A4BB6D4C238ACC6302_2051781946 Label:BP_trailer SpatiallyLoaded:true EditorBounds:IsValid=true, Min=(X=2223.596 Y=1156.853 Z=-0.004), Max=(X=2618.287 Y=2089.654 Z=384.210) RuntimeBounds:IsValid=true, Min=(X=2223.596 Y=1156.853 Z=-0.004), Max=(X=2618.287 Y=2089.654 Z=384.210) RuntimeGrid:None EditorOnly:false RuntimeOnly:false HLODRelevant:false ListedInSceneOutliner:true IsMainWorldOnly:false
 |   |   |- Guid:5FCC4B54494A1F2C4D8E6FA349E972B7 NativeClass:/Script/Engine.StaticMeshActor Name:StaticMeshActor_UAID_A4BB6D4C27DC376202_1800967663 Label:Sphere SpatiallyLoaded:true EditorBounds:IsValid=true, Min=(X=1510.000 Y=1080.000 Z=-10.000), Max=(X=1610.000 Y=1180.000 Z=90.000) RuntimeBounds:IsValid=true, Min=(X=1510.000 Y=1080.000 Z=-10.000), Max=(X=1610.000 Y=1180.000 Z=90.000) RuntimeGrid:None EditorOnly:false RuntimeOnly:false HLODRelevant:true ListedInSceneOutliner:true IsMainWorldOnly:false
 |   |   |- Guid:5FE7584649BB6F09265329A6C57CFD0D NativeClass:/Script/Engine.VolumetricCloud Name:VolumetricCloud_0 Label:VolumetricCloud SpatiallyLoaded:false EditorBounds:IsValid=true, Min=(X=0.000 Y=0.000 Z=820.000), Max=(X=0.000 Y=0.000 Z=820.000) RuntimeBounds:IsValid=true, Min=(X=0.000 Y=0.000 Z=820.000), Max=(X=0.000 Y=0.000 Z=820.000) RuntimeGrid:None EditorOnly:false RuntimeOnly:false HLODRelevant:false ListedInSceneOutliner:true IsMainWorldOnly:false FolderPath:Lighting FolderGuid:0BA5F0A04EADB18E70D5B180D08FA34B
 |   |   |- Guid:5FEA47D7420EA1673DFEAEBA0C5218C5 NativeClass:/Script/Engine.PostProcessVolume Name:PostProcessVolume_UAID_A4BB6D4C238A276302_1889499903 Label:PostProcessVolume_Pixelation SpatiallyLoaded:false EditorBounds:IsValid=true, Min=(X=1430.000 Y=1670.000 Z=0.000), Max=(X=1630.000 Y=1870.000 Z=200.000) RuntimeBounds:IsValid=true, Min=(X=1430.000 Y=1670.000 Z=0.000), Max=(X=1630.000 Y=1870.000 Z=200.000) RuntimeGrid:None EditorOnly:false RuntimeOnly:false HLODRelevant:false ListedInSceneOutliner:true IsMainWorldOnly:false
 |   |   |- Guid:61391D344900612A77DFC3BA3E354907 NativeClass:/Script/Engine.ExponentialHeightFog Name:ExponentialHeightFog_0 Label:ExponentialHeightFog SpatiallyLoaded:false EditorBounds:IsValid=true, Min=(X=-5600.000 Y=-50.000 Z=-6850.000), Max=(X=-5600.000 Y=-50.000 Z=-6850.000) RuntimeBounds:IsValid=true, Min=(X=-5600.000 Y=-50.000 Z=-6850.000), Max=(X=-5600.000 Y=-50.000 Z=-6850.000) RuntimeGrid:None EditorOnly:false RuntimeOnly:false HLODRelevant:false ListedInSceneOutliner:true IsMainWorldOnly:false FolderPath:Lighting FolderGuid:0BA5F0A04EADB18E70D5B180D08FA34B
 |   |   |- Guid:64C4840044E0C6F291CC68968853161E BaseClass:/Game/CRYPTID/AI_cryptid.AI_cryptid_C NativeClass:/Script/Engine.Character Name:AI_cryptid_C_UAID_A4BB6D4C238ACC6402_1706121001 Label:AI_cryptid SpatiallyLoaded:true EditorBounds:IsValid=true, Min=(X=442.246 Y=2219.255 Z=-232.916), Max=(X=1200.000 Y=2840.722 Z=392.171) RuntimeBounds:IsValid=true, Min=(X=442.246 Y=2219.255 Z=-3.404), Max=(X=837.762 Y=2840.722 Z=392.171) RuntimeGrid:None EditorOnly:false RuntimeOnly:false HLODRelevant:false ListedInSceneOutliner:true IsMainWorldOnly:false
 |   |   |- Guid:66E31260496976DE822620B2A4057373 NativeClass:/Script/Engine.Emitter Name:Emitter_UAID_A4BB6D4C238A276302_2049981906 Label:P_splashFog SpatiallyLoaded:true EditorBounds:IsValid=true, Min=(X=-100.000 Y=1070.000 Z=-800.000), Max=(X=2600.000 Y=2070.000 Z=328.000) RuntimeBounds:IsValid=true, Min=(X=-100.000 Y=1070.000 Z=-800.000), Max=(X=2600.000 Y=2070.000 Z=300.000) RuntimeGrid:None EditorOnly:false RuntimeOnly:false HLODRelevant:false ListedInSceneOutliner:true IsMainWorldOnly:false
 |   |   |- Guid:6D25069F4F354582ED02A691BDB6DFAD BaseClass:/Game/LevelBlueprints/BP_pine_tree.BP_pine_tree_C NativeClass:/Script/Engine.Actor Name:BP_pine_tree_C_UAID_A4BB6D4C1E70D56402_2129851585 Label:BP_pine_tree5 SpatiallyLoaded:true EditorBounds:IsValid=true, Min=(X=3144.658 Y=209.607 Z=-0.545), Max=(X=3465.208 Y=516.819 Z=563.204) RuntimeBounds:IsValid=true, Min=(X=3144.658 Y=209.607 Z=-0.545), Max=(X=3465.208 Y=516.819 Z=563.204) RuntimeGrid:None EditorOnly:false RuntimeOnly:false HLODRelevant:false ListedInSceneOutliner:true IsMainWorldOnly:false
 |   |   |- Guid:6FEFB3BD4EB37B849EF0D4AC80F83855 NativeClass:/Script/Engine.WorldDataLayers Name:WorldDataLayers Label:WorldDataLayers SpatiallyLoaded:false EditorBounds:IsValid=true, Min=(X=0.000 Y=0.000 Z=0.000), Max=(X=0.000 Y=0.000 Z=0.000) RuntimeBounds:IsValid=true, Min=(X=0.000 Y=0.000 Z=0.000), Max=(X=0.000 Y=0.000 Z=0.000) RuntimeGrid:None EditorOnly:false RuntimeOnly:false HLODRelevant:false ListedInSceneOutliner:true IsMainWorldOnly:true
 |   |   |- Guid:78CAF7514C7533F30BD2F19A017AAB65 NativeClass:/Script/Engine.StaticMeshActor Name:StaticMeshActor_0 Label:SM_Cube SpatiallyLoaded:true EditorBounds:IsValid=true, Min=(X=0.000 Y=0.000 Z=-50.000), Max=(X=15000.000 Y=15000.000 Z=0.000) RuntimeBounds:IsValid=true, Min=(X=0.000 Y=0.000 Z=-50.000), Max=(X=15000.000 Y=15000.000 Z=0.000) RuntimeGrid:None EditorOnly:false RuntimeOnly:false HLODRelevant:true ListedInSceneOutliner:true IsMainWorldOnly:false FolderPath:Playground FolderGuid:6C02BB504B69D1F3D7A624B130C18E5B
 |   |   |- Guid:8493775F470947D32EE9BAA5BFD71097 BaseClass:/Game/LevelBlueprints/BP_pine_tree.BP_pine_tree_C NativeClass:/Script/Engine.Actor Name:BP_pine_tree_C_UAID_A4BB6D4C1E70D56402_2085960583 Label:BP_pine_tree3 SpatiallyLoaded:true EditorBounds:IsValid=true, Min=(X=1994.658 Y=209.607 Z=-0.545), Max=(X=2315.208 Y=516.819 Z=563.204) RuntimeBounds:IsValid=true, Min=(X=1994.658 Y=209.607 Z=-0.545), Max=(X=2315.208 Y=516.819 Z=563.204) RuntimeGrid:None EditorOnly:false RuntimeOnly:false HLODRelevant:false ListedInSceneOutliner:true IsMainWorldOnly:false
 |   |   |- Guid:99D686CE4A43B69770D200BE4A8C2E2F NativeClass:/Script/Niagara.NiagaraActor Name:NiagaraActor_UAID_A4BB6D4C238A276302_1929241904 Label:snowfall SpatiallyLoaded:true EditorBounds:IsValid=true, Min=(X=-8460.000 Y=-8240.000 Z=-10000.000), Max=(X=11540.000 Y=11760.000 Z=10000.000) RuntimeBounds:IsValid=true, Min=(X=-8460.000 Y=-8240.000 Z=-10000.000), Max=(X=11540.000 Y=11760.000 Z=10000.000) RuntimeGrid:None EditorOnly:false RuntimeOnly:false HLODRelevant:false ListedInSceneOutliner:true IsMainWorldOnly:false
 |   |   |- Guid:9F4F669C46B431452BF5CA8BC187B871 BaseClass:/Game/LevelBlueprints/BP_pine_tree.BP_pine_tree_C NativeClass:/Script/Engine.Actor Name:BP_pine_tree_C_UAID_A4BB6D4C1E70D56402_2140989586 Label:BP_pine_tree6 SpatiallyLoaded:true EditorBounds:IsValid=true, Min=(X=1691.356 Y=307.048 Z=-0.626), Max=(X=2059.989 Y=660.342 Z=647.684) RuntimeBounds:IsValid=true, Min=(X=1691.356 Y=307.048 Z=-0.626), Max=(X=2059.989 Y=660.342 Z=647.684) RuntimeGrid:None EditorOnly:false RuntimeOnly:false HLODRelevant:false ListedInSceneOutliner:true IsMainWorldOnly:false
 |   |   |- Guid:A354B1B24E617A525DC6B48CCDE2417E NativeClass:/Script/Engine.PlayerStart Name:PlayerStart_0 Label:PlayerStart SpatiallyLoaded:false EditorBounds:IsValid=true, Min=(X=860.000 Y=810.000 Z=0.013), Max=(X=940.000 Y=890.000 Z=184.013) RuntimeBounds:IsValid=true, Min=(X=860.000 Y=810.000 Z=0.013), Max=(X=940.000 Y=890.000 Z=184.013) RuntimeGrid:None EditorOnly:false RuntimeOnly:false HLODRelevant:false ListedInSceneOutliner:true IsMainWorldOnly:false
 |   |   |- Guid:AF773D1E4179B4E0C3EEA895388A5FDF BaseClass:/Game/LevelBlueprints/BP_pine_tree.BP_pine_tree_C NativeClass:/Script/Engine.Actor Name:BP_pine_tree_C_UAID_A4BB6D4C238ACB6302_1691485767 Label:BP_pine_tree SpatiallyLoaded:true EditorBounds:IsValid=true, Min=(X=1691.356 Y=1207.048 Z=-0.626), Max=(X=2059.989 Y=1560.342 Z=647.684) RuntimeBounds:IsValid=true, Min=(X=1691.356 Y=1207.048 Z=-0.626), Max=(X=2059.989 Y=1560.342 Z=647.684) RuntimeGrid:None EditorOnly:false RuntimeOnly:false HLODRelevant:false ListedInSceneOutliner:true IsMainWorldOnly:false
 |   |   |- Guid:C029F8094618234A5E64C4828C85E59F BaseClass:/Game/Jackalope/wallyfollow.wallyfollow_C NativeClass:/Script/Engine.Character Name:wallyfollow_C_UAID_4CD71791BA958F6302_1680714207 Label:wallyfollow SpatiallyLoaded:true EditorBounds:IsValid=true, Min=(X=728.000 Y=964.000 Z=-11.698), Max=(X=1070.000 Y=1156.000 Z=176.000) RuntimeBounds:IsValid=true, Min=(X=728.000 Y=964.000 Z=-11.698), Max=(X=952.000 Y=1156.000 Z=176.000) RuntimeGrid:None EditorOnly:false RuntimeOnly:false HLODRelevant:false ListedInSceneOutliner:true IsMainWorldOnly:false
 |   |   |- Guid:C0C56B9644AE3D40CAFF6A878DB29844 NativeClass:/Script/Engine.StaticMeshActor Name:StaticMeshActor_UAID_A4AE111137DC5EFB00_2001720423 Label:SM_SkySphere SpatiallyLoaded:false EditorBounds:IsValid=true, Min=(X=-1638400.000 Y=-1638400.000 Z=-1638400.000), Max=(X=1638400.000 Y=1638400.000 Z=1638400.000) RuntimeBounds:IsValid=true, Min=(X=-1638400.000 Y=-1638400.000 Z=-1638400.000), Max=(X=1638400.000 Y=1638400.000 Z=1638400.000) RuntimeGrid:None EditorOnly:false RuntimeOnly:false HLODRelevant:true ListedInSceneOutliner:true IsMainWorldOnly:false FolderPath:Lighting FolderGuid:0BA5F0A04EADB18E70D5B180D08FA34B
 |   |   |- Guid:C22CE07C4B87D685137FDBBC10FC92C6 NativeClass:/Script/Engine.SkyAtmosphere Name:SkyAtmosphere_0 Label:SkyAtmosphere SpatiallyLoaded:false EditorBounds:IsValid=true, Min=(X=0.000 Y=0.000 Z=1020.000), Max=(X=0.000 Y=0.000 Z=1020.000) RuntimeBounds:IsValid=true, Min=(X=0.000 Y=0.000 Z=1020.000), Max=(X=0.000 Y=0.000 Z=1020.000) RuntimeGrid:None EditorOnly:false RuntimeOnly:false HLODRelevant:false ListedInSceneOutliner:true IsMainWorldOnly:false FolderPath:Lighting FolderGuid:0BA5F0A04EADB18E70D5B180D08FA34B
 |   |   |- Guid:C2AB890B4389E0AE38F0D1931D11E62D BaseClass:/Game/LevelBlueprints/BP_pine_tree.BP_pine_tree_C NativeClass:/Script/Engine.Actor Name:BP_pine_tree_C_UAID_A4BB6D4C1E70D56402_2126999584 Label:BP_pine_tree4 SpatiallyLoaded:true EditorBounds:IsValid=true, Min=(X=2594.658 Y=209.607 Z=-0.545), Max=(X=2915.208 Y=516.819 Z=563.204) RuntimeBounds:IsValid=true, Min=(X=2594.658 Y=209.607 Z=-0.545), Max=(X=2915.208 Y=516.819 Z=563.204) RuntimeGrid:None EditorOnly:false RuntimeOnly:false HLODRelevant:false ListedInSceneOutliner:true IsMainWorldOnly:false
 |   |   |- Guid:CE8D82634660FCDB3120E2B8D547C533 NativeClass:/Script/Engine.PostProcessVolume Name:PostProcessVolume_0 Label:PostProcessVolume SpatiallyLoaded:false EditorBounds:IsValid=true, Min=(X=0.000 Y=0.000 Z=400.000), Max=(X=200.000 Y=200.000 Z=600.000) RuntimeBounds:IsValid=true, Min=(X=0.000 Y=0.000 Z=400.000), Max=(X=200.000 Y=200.000 Z=600.000) RuntimeGrid:None EditorOnly:false RuntimeOnly:false HLODRelevant:false ListedInSceneOutliner:true IsMainWorldOnly:false FolderPath:Lighting FolderGuid:0BA5F0A04EADB18E70D5B180D08FA34B
 |   |   |- Guid:E5320C1B4FD9764CE7B54D8487AEC613 NativeClass:/Script/Engine.SkyLight Name:SkyLight_0 Label:SkyLight SpatiallyLoaded:false EditorBounds:IsValid=true, Min=(X=0.000 Y=0.000 Z=690.000), Max=(X=0.000 Y=0.000 Z=690.000) RuntimeBounds:IsValid=true, Min=(X=0.000 Y=0.000 Z=690.000), Max=(X=0.000 Y=0.000 Z=690.000) RuntimeGrid:None EditorOnly:false RuntimeOnly:false HLODRelevant:false ListedInSceneOutliner:true IsMainWorldOnly:false FolderPath:Lighting FolderGuid:0BA5F0A04EADB18E70D5B180D08FA34B
 |   |   |- Guid:ECC4A53241C8E7B9999C109EA9BD0D38 BaseClass:/Game/LevelBlueprints/BP_pine_tree.BP_pine_tree_C NativeClass:/Script/Engine.Actor Name:BP_pine_tree_C_UAID_A4BB6D4C238ACD6302_1463855123 Label:BP_pine_tree2 SpatiallyLoaded:true EditorBounds:IsValid=true, Min=(X=1727.868 Y=981.246 Z=-0.490), Max=(X=2111.563 Y=1369.335 Z=506.883) RuntimeBounds:IsValid=true, Min=(X=1727.868 Y=981.246 Z=-0.490), Max=(X=2111.563 Y=1369.335 Z=506.883) RuntimeGrid:None EditorOnly:false RuntimeOnly:false HLODRelevant:false ListedInSceneOutliner:true IsMainWorldOnly:false
 |   |   |- Guid:EE070B9D45DEE0EA2382A9A0F4B53D1B BaseClass:/Game/cyrptid.cyrptid_C NativeClass:/Script/Engine.Actor Name:cyrptid_C_UAID_4CD71791BA95926302_1241158736 Label:cyrptid SpatiallyLoaded:true EditorBounds:IsValid=true, Min=(X=1250.147 Y=1175.930 Z=0.427), Max=(X=1350.147 Y=1275.930 Z=100.427) RuntimeBounds:IsValid=true, Min=(X=1250.147 Y=1175.930 Z=0.427), Max=(X=1350.147 Y=1275.930 Z=100.427) RuntimeGrid:None EditorOnly:false RuntimeOnly:false HLODRelevant:false ListedInSceneOutliner:true IsMainWorldOnly:false
 |   |   |- Guid:F80621C9446867154938FE81375207DA NativeClass:/Script/Engine.DirectionalLight Name:DirectionalLight_1 Label:DirectionalLight SpatiallyLoaded:false EditorBounds:IsValid=false, Min=(X=0.000 Y=0.000 Z=0.000), Max=(X=0.000 Y=0.000 Z=0.000) RuntimeBounds:IsValid=false, Min=(X=0.000 Y=0.000 Z=0.000), Max=(X=0.000 Y=0.000 Z=0.000) RuntimeGrid:None EditorOnly:false RuntimeOnly:false HLODRelevant:false ListedInSceneOutliner:true IsMainWorldOnly:false FolderPath:Lighting FolderGuid:0BA5F0A04EADB18E70D5B180D08FA34B
 |   |- [+] Clusters:
 |   |   |- [+] [  0]
 |   |   |   |- Guid:12CD446E4CA1B89C1A812EADEB40C996 NativeClass:/Script/NavigationSystem.RecastNavMesh Name:RecastNavMesh_UAID_A4BB6D4C238ACA6402-Default Label:RecastNavMesh-Default SpatiallyLoaded:false EditorBounds:IsValid=true, Min=(X=0.000 Y=0.000 Z=0.000), Max=(X=0.000 Y=0.000 Z=0.000) RuntimeBounds:IsValid=true, Min=(X=0.000 Y=0.000 Z=0.000), Max=(X=0.000 Y=0.000 Z=0.000) RuntimeGrid:None EditorOnly:false RuntimeOnly:false HLODRelevant:false ListedInSceneOutliner:true IsMainWorldOnly:false
 |   |   |- [+] [  1]
 |   |   |   |- Guid:40DE993345CBE89237B6BCB98473E578 BaseClass:/Game/BP_item.BP_item_C NativeClass:/Script/Engine.Actor Name:BP_item_C_UAID_A4BB6D4C238A2C6302_1359154787 Label:BP_item SpatiallyLoaded:true EditorBounds:IsValid=true, Min=(X=1144.000 Y=584.000 Z=-326.000), Max=(X=1496.000 Y=936.000 Z=346.000) RuntimeBounds:IsValid=true, Min=(X=1144.000 Y=584.000 Z=-326.000), Max=(X=1496.000 Y=936.000 Z=346.000) RuntimeGrid:None EditorOnly:false RuntimeOnly:false HLODRelevant:false ListedInSceneOutliner:true IsMainWorldOnly:false
 |   |   |- [+] [  2]
 |   |   |   |- Guid:4131E64744CAC5A8325AF48E88102895 NativeClass:/Script/NavigationSystem.NavMeshBoundsVolume Name:NavMeshBoundsVolume_UAID_A4BB6D4C238ACA6402_1552598647 Label:CRYPTID-movable-area SpatiallyLoaded:false EditorBounds:IsValid=true, Min=(X=80.000 Y=70.000 Z=-145.000), Max=(X=2980.000 Y=3470.000 Z=505.000) RuntimeBounds:IsValid=true, Min=(X=80.000 Y=70.000 Z=-145.000), Max=(X=2980.000 Y=3470.000 Z=505.000) RuntimeGrid:None EditorOnly:false RuntimeOnly:false HLODRelevant:false ListedInSceneOutliner:true IsMainWorldOnly:false
 |   |   |- [+] [  3]
 |   |   |   |- Guid:5A747F03497FC12831DD0BA74C8EABAB BaseClass:/Game/LevelBlueprints/BP_trailer.BP_trailer_C NativeClass:/Script/Engine.Actor Name:BP_trailer_C_UAID_A4BB6D4C238ACC6302_2051781946 Label:BP_trailer SpatiallyLoaded:true EditorBounds:IsValid=true, Min=(X=2223.596 Y=1156.853 Z=-0.004), Max=(X=2618.287 Y=2089.654 Z=384.210) RuntimeBounds:IsValid=true, Min=(X=2223.596 Y=1156.853 Z=-0.004), Max=(X=2618.287 Y=2089.654 Z=384.210) RuntimeGrid:None EditorOnly:false RuntimeOnly:false HLODRelevant:false ListedInSceneOutliner:true IsMainWorldOnly:false
 |   |   |- [+] [  4]
 |   |   |   |- Guid:5FCC4B54494A1F2C4D8E6FA349E972B7 NativeClass:/Script/Engine.StaticMeshActor Name:StaticMeshActor_UAID_A4BB6D4C27DC376202_1800967663 Label:Sphere SpatiallyLoaded:true EditorBounds:IsValid=true, Min=(X=1510.000 Y=1080.000 Z=-10.000), Max=(X=1610.000 Y=1180.000 Z=90.000) RuntimeBounds:IsValid=true, Min=(X=1510.000 Y=1080.000 Z=-10.000), Max=(X=1610.000 Y=1180.000 Z=90.000) RuntimeGrid:None EditorOnly:false RuntimeOnly:false HLODRelevant:true ListedInSceneOutliner:true IsMainWorldOnly:false
 |   |   |- [+] [  5]
 |   |   |   |- Guid:5FE7584649BB6F09265329A6C57CFD0D NativeClass:/Script/Engine.VolumetricCloud Name:VolumetricCloud_0 Label:VolumetricCloud SpatiallyLoaded:false EditorBounds:IsValid=true, Min=(X=0.000 Y=0.000 Z=820.000), Max=(X=0.000 Y=0.000 Z=820.000) RuntimeBounds:IsValid=true, Min=(X=0.000 Y=0.000 Z=820.000), Max=(X=0.000 Y=0.000 Z=820.000) RuntimeGrid:None EditorOnly:false RuntimeOnly:false HLODRelevant:false ListedInSceneOutliner:true IsMainWorldOnly:false FolderPath:Lighting FolderGuid:0BA5F0A04EADB18E70D5B180D08FA34B
 |   |   |- [+] [  6]
 |   |   |   |- Guid:5FEA47D7420EA1673DFEAEBA0C5218C5 NativeClass:/Script/Engine.PostProcessVolume Name:PostProcessVolume_UAID_A4BB6D4C238A276302_1889499903 Label:PostProcessVolume_Pixelation SpatiallyLoaded:false EditorBounds:IsValid=true, Min=(X=1430.000 Y=1670.000 Z=0.000), Max=(X=1630.000 Y=1870.000 Z=200.000) RuntimeBounds:IsValid=true, Min=(X=1430.000 Y=1670.000 Z=0.000), Max=(X=1630.000 Y=1870.000 Z=200.000) RuntimeGrid:None EditorOnly:false RuntimeOnly:false HLODRelevant:false ListedInSceneOutliner:true IsMainWorldOnly:false
 |   |   |- [+] [  7]
 |   |   |   |- Guid:61391D344900612A77DFC3BA3E354907 NativeClass:/Script/Engine.ExponentialHeightFog Name:ExponentialHeightFog_0 Label:ExponentialHeightFog SpatiallyLoaded:false EditorBounds:IsValid=true, Min=(X=-5600.000 Y=-50.000 Z=-6850.000), Max=(X=-5600.000 Y=-50.000 Z=-6850.000) RuntimeBounds:IsValid=true, Min=(X=-5600.000 Y=-50.000 Z=-6850.000), Max=(X=-5600.000 Y=-50.000 Z=-6850.000) RuntimeGrid:None EditorOnly:false RuntimeOnly:false HLODRelevant:false ListedInSceneOutliner:true IsMainWorldOnly:false FolderPath:Lighting FolderGuid:0BA5F0A04EADB18E70D5B180D08FA34B
 |   |   |- [+] [  8]
 |   |   |   |- Guid:64C4840044E0C6F291CC68968853161E BaseClass:/Game/CRYPTID/AI_cryptid.AI_cryptid_C NativeClass:/Script/Engine.Character Name:AI_cryptid_C_UAID_A4BB6D4C238ACC6402_1706121001 Label:AI_cryptid SpatiallyLoaded:true EditorBounds:IsValid=true, Min=(X=442.246 Y=2219.255 Z=-232.916), Max=(X=1200.000 Y=2840.722 Z=392.171) RuntimeBounds:IsValid=true, Min=(X=442.246 Y=2219.255 Z=-3.404), Max=(X=837.762 Y=2840.722 Z=392.171) RuntimeGrid:None EditorOnly:false RuntimeOnly:false HLODRelevant:false ListedInSceneOutliner:true IsMainWorldOnly:false
 |   |   |- [+] [  9]
 |   |   |   |- Guid:66E31260496976DE822620B2A4057373 NativeClass:/Script/Engine.Emitter Name:Emitter_UAID_A4BB6D4C238A276302_2049981906 Label:P_splashFog SpatiallyLoaded:true EditorBounds:IsValid=true, Min=(X=-100.000 Y=1070.000 Z=-800.000), Max=(X=2600.000 Y=2070.000 Z=328.000) RuntimeBounds:IsValid=true, Min=(X=-100.000 Y=1070.000 Z=-800.000), Max=(X=2600.000 Y=2070.000 Z=300.000) RuntimeGrid:None EditorOnly:false RuntimeOnly:false HLODRelevant:false ListedInSceneOutliner:true IsMainWorldOnly:false
 |   |   |- [+] [ 10]
 |   |   |   |- Guid:6D25069F4F354582ED02A691BDB6DFAD BaseClass:/Game/LevelBlueprints/BP_pine_tree.BP_pine_tree_C NativeClass:/Script/Engine.Actor Name:BP_pine_tree_C_UAID_A4BB6D4C1E70D56402_2129851585 Label:BP_pine_tree5 SpatiallyLoaded:true EditorBounds:IsValid=true, Min=(X=3144.658 Y=209.607 Z=-0.545), Max=(X=3465.208 Y=516.819 Z=563.204) RuntimeBounds:IsValid=true, Min=(X=3144.658 Y=209.607 Z=-0.545), Max=(X=3465.208 Y=516.819 Z=563.204) RuntimeGrid:None EditorOnly:false RuntimeOnly:false HLODRelevant:false ListedInSceneOutliner:true IsMainWorldOnly:false
 |   |   |- [+] [ 11]
 |   |   |   |- Guid:6FEFB3BD4EB37B849EF0D4AC80F83855 NativeClass:/Script/Engine.WorldDataLayers Name:WorldDataLayers Label:WorldDataLayers SpatiallyLoaded:false EditorBounds:IsValid=true, Min=(X=0.000 Y=0.000 Z=0.000), Max=(X=0.000 Y=0.000 Z=0.000) RuntimeBounds:IsValid=true, Min=(X=0.000 Y=0.000 Z=0.000), Max=(X=0.000 Y=0.000 Z=0.000) RuntimeGrid:None EditorOnly:false RuntimeOnly:false HLODRelevant:false ListedInSceneOutliner:true IsMainWorldOnly:true
 |   |   |- [+] [ 12]
 |   |   |   |- Guid:78CAF7514C7533F30BD2F19A017AAB65 NativeClass:/Script/Engine.StaticMeshActor Name:StaticMeshActor_0 Label:SM_Cube SpatiallyLoaded:true EditorBounds:IsValid=true, Min=(X=0.000 Y=0.000 Z=-50.000), Max=(X=15000.000 Y=15000.000 Z=0.000) RuntimeBounds:IsValid=true, Min=(X=0.000 Y=0.000 Z=-50.000), Max=(X=15000.000 Y=15000.000 Z=0.000) RuntimeGrid:None EditorOnly:false RuntimeOnly:false HLODRelevant:true ListedInSceneOutliner:true IsMainWorldOnly:false FolderPath:Playground FolderGuid:6C02BB504B69D1F3D7A624B130C18E5B
 |   |   |- [+] [ 13]
 |   |   |   |- Guid:8493775F470947D32EE9BAA5BFD71097 BaseClass:/Game/LevelBlueprints/BP_pine_tree.BP_pine_tree_C NativeClass:/Script/Engine.Actor Name:BP_pine_tree_C_UAID_A4BB6D4C1E70D56402_2085960583 Label:BP_pine_tree3 SpatiallyLoaded:true EditorBounds:IsValid=true, Min=(X=1994.658 Y=209.607 Z=-0.545), Max=(X=2315.208 Y=516.819 Z=563.204) RuntimeBounds:IsValid=true, Min=(X=1994.658 Y=209.607 Z=-0.545), Max=(X=2315.208 Y=516.819 Z=563.204) RuntimeGrid:None EditorOnly:false RuntimeOnly:false HLODRelevant:false ListedInSceneOutliner:true IsMainWorldOnly:false
 |   |   |- [+] [ 14]
 |   |   |   |- Guid:99D686CE4A43B69770D200BE4A8C2E2F NativeClass:/Script/Niagara.NiagaraActor Name:NiagaraActor_UAID_A4BB6D4C238A276302_1929241904 Label:snowfall SpatiallyLoaded:true EditorBounds:IsValid=true, Min=(X=-8460.000 Y=-8240.000 Z=-10000.000), Max=(X=11540.000 Y=11760.000 Z=10000.000) RuntimeBounds:IsValid=true, Min=(X=-8460.000 Y=-8240.000 Z=-10000.000), Max=(X=11540.000 Y=11760.000 Z=10000.000) RuntimeGrid:None EditorOnly:false RuntimeOnly:false HLODRelevant:false ListedInSceneOutliner:true IsMainWorldOnly:false
 |   |   |- [+] [ 15]
 |   |   |   |- Guid:9F4F669C46B431452BF5CA8BC187B871 BaseClass:/Game/LevelBlueprints/BP_pine_tree.BP_pine_tree_C NativeClass:/Script/Engine.Actor Name:BP_pine_tree_C_UAID_A4BB6D4C1E70D56402_2140989586 Label:BP_pine_tree6 SpatiallyLoaded:true EditorBounds:IsValid=true, Min=(X=1691.356 Y=307.048 Z=-0.626), Max=(X=2059.989 Y=660.342 Z=647.684) RuntimeBounds:IsValid=true, Min=(X=1691.356 Y=307.048 Z=-0.626), Max=(X=2059.989 Y=660.342 Z=647.684) RuntimeGrid:None EditorOnly:false RuntimeOnly:false HLODRelevant:false ListedInSceneOutliner:true IsMainWorldOnly:false
 |   |   |- [+] [ 16]
 |   |   |   |- Guid:A354B1B24E617A525DC6B48CCDE2417E NativeClass:/Script/Engine.PlayerStart Name:PlayerStart_0 Label:PlayerStart SpatiallyLoaded:false EditorBounds:IsValid=true, Min=(X=860.000 Y=810.000 Z=0.013), Max=(X=940.000 Y=890.000 Z=184.013) RuntimeBounds:IsValid=true, Min=(X=860.000 Y=810.000 Z=0.013), Max=(X=940.000 Y=890.000 Z=184.013) RuntimeGrid:None EditorOnly:false RuntimeOnly:false HLODRelevant:false ListedInSceneOutliner:true IsMainWorldOnly:false
 |   |   |- [+] [ 17]
 |   |   |   |- Guid:AF773D1E4179B4E0C3EEA895388A5FDF BaseClass:/Game/LevelBlueprints/BP_pine_tree.BP_pine_tree_C NativeClass:/Script/Engine.Actor Name:BP_pine_tree_C_UAID_A4BB6D4C238ACB6302_1691485767 Label:BP_pine_tree SpatiallyLoaded:true EditorBounds:IsValid=true, Min=(X=1691.356 Y=1207.048 Z=-0.626), Max=(X=2059.989 Y=1560.342 Z=647.684) RuntimeBounds:IsValid=true, Min=(X=1691.356 Y=1207.048 Z=-0.626), Max=(X=2059.989 Y=1560.342 Z=647.684) RuntimeGrid:None EditorOnly:false RuntimeOnly:false HLODRelevant:false ListedInSceneOutliner:true IsMainWorldOnly:false
 |   |   |- [+] [ 18]
 |   |   |   |- Guid:C029F8094618234A5E64C4828C85E59F BaseClass:/Game/Jackalope/wallyfollow.wallyfollow_C NativeClass:/Script/Engine.Character Name:wallyfollow_C_UAID_4CD71791BA958F6302_1680714207 Label:wallyfollow SpatiallyLoaded:true EditorBounds:IsValid=true, Min=(X=728.000 Y=964.000 Z=-11.698), Max=(X=1070.000 Y=1156.000 Z=176.000) RuntimeBounds:IsValid=true, Min=(X=728.000 Y=964.000 Z=-11.698), Max=(X=952.000 Y=1156.000 Z=176.000) RuntimeGrid:None EditorOnly:false RuntimeOnly:false HLODRelevant:false ListedInSceneOutliner:true IsMainWorldOnly:false
 |   |   |- [+] [ 19]
 |   |   |   |- Guid:C0C56B9644AE3D40CAFF6A878DB29844 NativeClass:/Script/Engine.StaticMeshActor Name:StaticMeshActor_UAID_A4AE111137DC5EFB00_2001720423 Label:SM_SkySphere SpatiallyLoaded:false EditorBounds:IsValid=true, Min=(X=-1638400.000 Y=-1638400.000 Z=-1638400.000), Max=(X=1638400.000 Y=1638400.000 Z=1638400.000) RuntimeBounds:IsValid=true, Min=(X=-1638400.000 Y=-1638400.000 Z=-1638400.000), Max=(X=1638400.000 Y=1638400.000 Z=1638400.000) RuntimeGrid:None EditorOnly:false RuntimeOnly:false HLODRelevant:true ListedInSceneOutliner:true IsMainWorldOnly:false FolderPath:Lighting FolderGuid:0BA5F0A04EADB18E70D5B180D08FA34B
 |   |   |- [+] [ 20]
 |   |   |   |- Guid:C22CE07C4B87D685137FDBBC10FC92C6 NativeClass:/Script/Engine.SkyAtmosphere Name:SkyAtmosphere_0 Label:SkyAtmosphere SpatiallyLoaded:false EditorBounds:IsValid=true, Min=(X=0.000 Y=0.000 Z=1020.000), Max=(X=0.000 Y=0.000 Z=1020.000) RuntimeBounds:IsValid=true, Min=(X=0.000 Y=0.000 Z=1020.000), Max=(X=0.000 Y=0.000 Z=1020.000) RuntimeGrid:None EditorOnly:false RuntimeOnly:false HLODRelevant:false ListedInSceneOutliner:true IsMainWorldOnly:false FolderPath:Lighting FolderGuid:0BA5F0A04EADB18E70D5B180D08FA34B
 |   |   |- [+] [ 21]
 |   |   |   |- Guid:C2AB890B4389E0AE38F0D1931D11E62D BaseClass:/Game/LevelBlueprints/BP_pine_tree.BP_pine_tree_C NativeClass:/Script/Engine.Actor Name:BP_pine_tree_C_UAID_A4BB6D4C1E70D56402_2126999584 Label:BP_pine_tree4 SpatiallyLoaded:true EditorBounds:IsValid=true, Min=(X=2594.658 Y=209.607 Z=-0.545), Max=(X=2915.208 Y=516.819 Z=563.204) RuntimeBounds:IsValid=true, Min=(X=2594.658 Y=209.607 Z=-0.545), Max=(X=2915.208 Y=516.819 Z=563.204) RuntimeGrid:None EditorOnly:false RuntimeOnly:false HLODRelevant:false ListedInSceneOutliner:true IsMainWorldOnly:false
 |   |   |- [+] [ 22]
 |   |   |   |- Guid:CE8D82634660FCDB3120E2B8D547C533 NativeClass:/Script/Engine.PostProcessVolume Name:PostProcessVolume_0 Label:PostProcessVolume SpatiallyLoaded:false EditorBounds:IsValid=true, Min=(X=0.000 Y=0.000 Z=400.000), Max=(X=200.000 Y=200.000 Z=600.000) RuntimeBounds:IsValid=true, Min=(X=0.000 Y=0.000 Z=400.000), Max=(X=200.000 Y=200.000 Z=600.000) RuntimeGrid:None EditorOnly:false RuntimeOnly:false HLODRelevant:false ListedInSceneOutliner:true IsMainWorldOnly:false FolderPath:Lighting FolderGuid:0BA5F0A04EADB18E70D5B180D08FA34B
 |   |   |- [+] [ 23]
 |   |   |   |- Guid:E5320C1B4FD9764CE7B54D8487AEC613 NativeClass:/Script/Engine.SkyLight Name:SkyLight_0 Label:SkyLight SpatiallyLoaded:false EditorBounds:IsValid=true, Min=(X=0.000 Y=0.000 Z=690.000), Max=(X=0.000 Y=0.000 Z=690.000) RuntimeBounds:IsValid=true, Min=(X=0.000 Y=0.000 Z=690.000), Max=(X=0.000 Y=0.000 Z=690.000) RuntimeGrid:None EditorOnly:false RuntimeOnly:false HLODRelevant:false ListedInSceneOutliner:true IsMainWorldOnly:false FolderPath:Lighting FolderGuid:0BA5F0A04EADB18E70D5B180D08FA34B
 |   |   |- [+] [ 24]
 |   |   |   |- Guid:ECC4A53241C8E7B9999C109EA9BD0D38 BaseClass:/Game/LevelBlueprints/BP_pine_tree.BP_pine_tree_C NativeClass:/Script/Engine.Actor Name:BP_pine_tree_C_UAID_A4BB6D4C238ACD6302_1463855123 Label:BP_pine_tree2 SpatiallyLoaded:true EditorBounds:IsValid=true, Min=(X=1727.868 Y=981.246 Z=-0.490), Max=(X=2111.563 Y=1369.335 Z=506.883) RuntimeBounds:IsValid=true, Min=(X=1727.868 Y=981.246 Z=-0.490), Max=(X=2111.563 Y=1369.335 Z=506.883) RuntimeGrid:None EditorOnly:false RuntimeOnly:false HLODRelevant:false ListedInSceneOutliner:true IsMainWorldOnly:false
 |   |   |- [+] [ 25]
 |   |   |   |- Guid:EE070B9D45DEE0EA2382A9A0F4B53D1B BaseClass:/Game/cyrptid.cyrptid_C NativeClass:/Script/Engine.Actor Name:cyrptid_C_UAID_4CD71791BA95926302_1241158736 Label:cyrptid SpatiallyLoaded:true EditorBounds:IsValid=true, Min=(X=1250.147 Y=1175.930 Z=0.427), Max=(X=1350.147 Y=1275.930 Z=100.427) RuntimeBounds:IsValid=true, Min=(X=1250.147 Y=1175.930 Z=0.427), Max=(X=1350.147 Y=1275.930 Z=100.427) RuntimeGrid:None EditorOnly:false RuntimeOnly:false HLODRelevant:false ListedInSceneOutliner:true IsMainWorldOnly:false
 |   |   |- [+] [ 26]
 |   |   |   |- Guid:F80621C9446867154938FE81375207DA NativeClass:/Script/Engine.DirectionalLight Name:DirectionalLight_1 Label:DirectionalLight SpatiallyLoaded:false EditorBounds:IsValid=false, Min=(X=0.000 Y=0.000 Z=0.000), Max=(X=0.000 Y=0.000 Z=0.000) RuntimeBounds:IsValid=false, Min=(X=0.000 Y=0.000 Z=0.000), Max=(X=0.000 Y=0.000 Z=0.000) RuntimeGrid:None EditorOnly:false RuntimeOnly:false HLODRelevant:false ListedInSceneOutliner:true IsMainWorldOnly:false FolderPath:Lighting FolderGuid:0BA5F0A04EADB18E70D5B180D08FA34B
 |- ContainerInstances:
 |- [+] MainContainer:
 |   |-        ID: 00000000000000000000000000000000
 |   |-  ParentID: 00000000000000000000000000000000
 |   |-    Bounds: IsValid=false, Min=(X=0.000 Y=0.000 Z=0.000), Max=(X=0.000 Y=0.000 Z=0.000)
 |   |- Transform: 0.000000,0.000000,0.000000|0.000000,0.000000,-0.000000|1.000000,1.000000,1.000000
 |   |- Container: /Game/FirstPerson/Maps/FirstPersonMap
----------------------------------------------------------------------------------------------------------------
FirstPersonMap - Persistent Level
----------------------------------------------------------------------------------------------------------------
[+] Content of FirstPersonMap Persistent Level
 |- Always loaded Actor Count: 27 
 |- Actor Path: /Game/FirstPerson/Maps/FirstPersonMap.FirstPersonMap:PersistentLevel.AI_cryptid_C_UAID_A4BB6D4C238ACC6402_1706121001
 |- Actor Package: /Game/__ExternalActors__/FirstPerson/Maps/FirstPersonMap/2/G3/8ZCSDINT4WVN00UBRGUIQA
 |- Actor Path: /Game/FirstPerson/Maps/FirstPersonMap.FirstPersonMap:PersistentLevel.BP_item_C_UAID_A4BB6D4C238A2C6302_1359154787
 |- Actor Package: /Game/__ExternalActors__/FirstPerson/Maps/FirstPersonMap/5/C1/3GTPOUEENBSOI5C6R08Q4Y
 |- Actor Path: /Game/FirstPerson/Maps/FirstPersonMap.FirstPersonMap:PersistentLevel.BP_pine_tree_C_UAID_A4BB6D4C1E70D56402_2085960583
 |- Actor Package: /Game/__ExternalActors__/FirstPerson/Maps/FirstPersonMap/5/1L/1W3CV614E2LCJJYR1OLVDT
 |- Actor Path: /Game/FirstPerson/Maps/FirstPersonMap.FirstPersonMap:PersistentLevel.BP_pine_tree_C_UAID_A4BB6D4C1E70D56402_2126999584
 |- Actor Package: /Game/__ExternalActors__/FirstPerson/Maps/FirstPersonMap/3/SF/WYYET9C95R09XVN14EHB8A
 |- Actor Path: /Game/FirstPerson/Maps/FirstPersonMap.FirstPersonMap:PersistentLevel.BP_pine_tree_C_UAID_A4BB6D4C1E70D56402_2129851585
 |- Actor Package: /Game/__ExternalActors__/FirstPerson/Maps/FirstPersonMap/C/8K/R4ES542B1ZUNZUORO4V3BM
 |- Actor Path: /Game/FirstPerson/Maps/FirstPersonMap.FirstPersonMap:PersistentLevel.BP_pine_tree_C_UAID_A4BB6D4C1E70D56402_2140989586
 |- Actor Package: /Game/__ExternalActors__/FirstPerson/Maps/FirstPersonMap/E/44/BEJP2DVLPJRBTVWR52YCI2
 |- Actor Path: /Game/FirstPerson/Maps/FirstPersonMap.FirstPersonMap:PersistentLevel.BP_pine_tree_C_UAID_A4BB6D4C238ACB6302_1691485767
 |- Actor Package: /Game/__ExternalActors__/FirstPerson/Maps/FirstPersonMap/D/WL/RTKD8P7ID1BPGN27UNRJYO
 |- Actor Path: /Game/FirstPerson/Maps/FirstPersonMap.FirstPersonMap:PersistentLevel.BP_pine_tree_C_UAID_A4BB6D4C238ACD6302_1463855123
 |- Actor Package: /Game/__ExternalActors__/FirstPerson/Maps/FirstPersonMap/B/NJ/Q8MGW82I0E5KKQWBRB1YYR
 |- Actor Path: /Game/FirstPerson/Maps/FirstPersonMap.FirstPersonMap:PersistentLevel.BP_trailer_C_UAID_A4BB6D4C238ACC6302_2051781946
 |- Actor Package: /Game/__ExternalActors__/FirstPerson/Maps/FirstPersonMap/B/PF/KZON6P77JDJF2FV34WDXNE
 |- Actor Path: /Game/FirstPerson/Maps/FirstPersonMap.FirstPersonMap:PersistentLevel.cyrptid_C_UAID_4CD71791BA95926302_1241158736
 |- Actor Package: /Game/__ExternalActors__/FirstPerson/Maps/FirstPersonMap/2/L0/C8EI6GA548CELE1MNP6JDB
 |- Actor Path: /Game/FirstPerson/Maps/FirstPersonMap.FirstPersonMap:PersistentLevel.DirectionalLight_1
 |- Actor Package: /Game/__ExternalActors__/FirstPerson/Maps/FirstPersonMap/0/WB/V4ALNTJYOVWM8BU452CKV5
 |- Actor Path: /Game/FirstPerson/Maps/FirstPersonMap.FirstPersonMap:PersistentLevel.Emitter_UAID_A4BB6D4C238A276302_2049981906
 |- Actor Package: /Game/__ExternalActors__/FirstPerson/Maps/FirstPersonMap/C/Y5/3U02YFESLQU2RQ19MWCWAA
 |- Actor Path: /Game/FirstPerson/Maps/FirstPersonMap.FirstPersonMap:PersistentLevel.ExponentialHeightFog_0
 |- Actor Package: /Game/__ExternalActors__/FirstPerson/Maps/FirstPersonMap/0/CL/381LM03PFI8AF9NED1SEV2
 |- Actor Path: /Game/FirstPerson/Maps/FirstPersonMap.FirstPersonMap:PersistentLevel.NavMeshBoundsVolume_UAID_A4BB6D4C238ACA6402_1552598647
 |- Actor Package: /Game/__ExternalActors__/FirstPerson/Maps/FirstPersonMap/5/37/IPMOAD58FN3BWN7ZH2TSS6
 |- Actor Path: /Game/FirstPerson/Maps/FirstPersonMap.FirstPersonMap:PersistentLevel.NiagaraActor_UAID_A4BB6D4C238A276302_1929241904
 |- Actor Package: /Game/__ExternalActors__/FirstPerson/Maps/FirstPersonMap/5/BR/M5QCLD545HBJSRH6FO5QWS
 |- Actor Path: /Game/FirstPerson/Maps/FirstPersonMap.FirstPersonMap:PersistentLevel.PlayerStart_0
 |- Actor Package: /Game/__ExternalActors__/FirstPerson/Maps/FirstPersonMap/8/Z7/W1SXRCM1KAKBJOIZDLHZ47
 |- Actor Path: /Game/FirstPerson/Maps/FirstPersonMap.FirstPersonMap:PersistentLevel.PostProcessVolume_0
 |- Actor Package: /Game/__ExternalActors__/FirstPerson/Maps/FirstPersonMap/E/MX/R1GV431P5FDO08OFULRA01
 |- Actor Path: /Game/FirstPerson/Maps/FirstPersonMap.FirstPersonMap:PersistentLevel.PostProcessVolume_UAID_A4BB6D4C238A276302_1889499903
 |- Actor Package: /Game/__ExternalActors__/FirstPerson/Maps/FirstPersonMap/7/GU/4AB0M2CBEMGC01I74IRZM0
 |- Actor Path: /Game/FirstPerson/Maps/FirstPersonMap.FirstPersonMap:PersistentLevel.RecastNavMesh_UAID_A4BB6D4C238ACA6402-Default
 |- Actor Package: /Game/__ExternalActors__/FirstPerson/Maps/FirstPersonMap/0/LY/FTK92V6935Y7UPG6E2Y59S
 |- Actor Path: /Game/FirstPerson/Maps/FirstPersonMap.FirstPersonMap:PersistentLevel.SkyAtmosphere_0
 |- Actor Package: /Game/__ExternalActors__/FirstPerson/Maps/FirstPersonMap/C/VO/VMN4G7K3NKKV6F8HTPHHDB
 |- Actor Path: /Game/FirstPerson/Maps/FirstPersonMap.FirstPersonMap:PersistentLevel.SkyLight_0
 |- Actor Package: /Game/__ExternalActors__/FirstPerson/Maps/FirstPersonMap/6/0Z/5RQIHCZ9W3UXRGL4LTLQAK
 |- Actor Path: /Game/FirstPerson/Maps/FirstPersonMap.FirstPersonMap:PersistentLevel.StaticMeshActor_0
 |- Actor Package: /Game/__ExternalActors__/FirstPerson/Maps/FirstPersonMap/7/L5/1ZJ54FMA0DAL3I2Q8RFAIB
 |- Actor Path: /Game/FirstPerson/Maps/FirstPersonMap.FirstPersonMap:PersistentLevel.StaticMeshActor_UAID_A4AE111137DC5EFB00_2001720423
 |- Actor Package: /Game/__ExternalActors__/FirstPerson/Maps/FirstPersonMap/C/ZU/PDQ0AB8RLNMVID876FD49G
 |- Actor Path: /Game/FirstPerson/Maps/FirstPersonMap.FirstPersonMap:PersistentLevel.StaticMeshActor_UAID_A4BB6D4C27DC376202_1800967663
 |- Actor Package: /Game/__ExternalActors__/FirstPerson/Maps/FirstPersonMap/9/8A/XMFG2WPRF53RZMUPJ0XHJ6
 |- Actor Path: /Game/FirstPerson/Maps/FirstPersonMap.FirstPersonMap:PersistentLevel.VolumetricCloud_0
 |- Actor Package: /Game/__ExternalActors__/FirstPerson/Maps/FirstPersonMap/0/GO/I8WEFD3RY9V3NVQLSU6QM4
 |- Actor Path: /Game/FirstPerson/Maps/FirstPersonMap.FirstPersonMap:PersistentLevel.wallyfollow_C_UAID_4CD71791BA958F6302_1680714207
 |- Actor Package: /Game/__ExternalActors__/FirstPerson/Maps/FirstPersonMap/5/WF/YG7ZT473U2QPQ3GLWN8KJY
 |- Actor Path: /Game/FirstPerson/Maps/FirstPersonMap.FirstPersonMap:PersistentLevel.WorldDataLayers
 |- Actor Package: /Game/__ExternalActors__/FirstPerson/Maps/FirstPersonMap/D/0W/E1FKEGVKGOLM7HGLQPCIPO

----------------------------------------------------------------------------------------------------------------
FirstPersonMap - Runtime Hash Set
----------------------------------------------------------------------------------------------------------------

